2022-08-23 09:46:12,452 INFO org.springframework.boot.StartupInfoLogger [restartedMain] Starting DemoCompanyApplication using Java 17.0.3 on DESKTOP-AVS1VFD with PID 13360 (D:\demoCompany\target\classes started by admin in D:\demoCompany)
2022-08-23 09:46:12,456 INFO org.springframework.boot.SpringApplication [restartedMain] No active profile set, falling back to 1 default profile: "default"
2022-08-23 09:46:12,502 INFO org.springframework.boot.logging.DeferredLog [restartedMain] The Class-Path manifest attribute in C:\Users\admin\.m2\repository\javax\mail\mail\1.4\mail-1.4.jar referenced one or more files that do not exist: file:/C:/Users/admin/.m2/repository/javax/mail/mail/1.4/activation.jar
2022-08-23 09:46:12,503 INFO org.springframework.boot.logging.DeferredLog [restartedMain] Devtools property defaults active! Set 'spring.devtools.add-properties' to 'false' to disable
2022-08-23 09:46:12,503 INFO org.springframework.boot.logging.DeferredLog [restartedMain] For additional web related logging consider setting the 'logging.level.web' property to 'DEBUG'
2022-08-23 09:46:13,153 INFO org.springframework.data.repository.config.RepositoryConfigurationDelegate [restartedMain] Bootstrapping Spring Data JPA repositories in DEFAULT mode.
2022-08-23 09:46:13,225 INFO org.springframework.data.repository.config.RepositoryConfigurationDelegate [restartedMain] Finished Spring Data repository scanning in 61 ms. Found 5 JPA repository interfaces.
2022-08-23 09:46:13,324 WARN tk.mybatis.spring.mapper.ClassPathMapperScanner [restartedMain] No MyBatis mapper was found in '[projectdemo.com.democompany]' package. Please check your configuration.
2022-08-23 09:46:13,755 INFO org.springframework.boot.web.embedded.tomcat.TomcatWebServer [restartedMain] Tomcat initialized with port(s): 8080 (http)
2022-08-23 09:46:13,762 INFO org.apache.juli.logging.DirectJDKLog [restartedMain] Initializing ProtocolHandler ["http-nio-8080"]
2022-08-23 09:46:13,763 INFO org.apache.juli.logging.DirectJDKLog [restartedMain] Starting service [Tomcat]
2022-08-23 09:46:13,764 INFO org.apache.juli.logging.DirectJDKLog [restartedMain] Starting Servlet engine: [Apache Tomcat/9.0.64]
2022-08-23 09:46:13,832 INFO org.apache.juli.logging.DirectJDKLog [restartedMain] Initializing Spring embedded WebApplicationContext
2022-08-23 09:46:13,833 INFO org.springframework.boot.web.servlet.context.ServletWebServerApplicationContext [restartedMain] Root WebApplicationContext: initialization completed in 1329 ms
2022-08-23 09:46:14,021 INFO org.hibernate.jpa.internal.util.LogHelper [restartedMain] HHH000204: Processing PersistenceUnitInfo [name: default]
2022-08-23 09:46:14,067 INFO org.hibernate.Version [restartedMain] HHH000412: Hibernate ORM core version 5.6.9.Final
2022-08-23 09:46:14,199 INFO org.hibernate.annotations.common.reflection.java.JavaReflectionManager [restartedMain] HCANN000001: Hibernate Commons Annotations {5.1.2.Final}
2022-08-23 09:46:14,280 INFO com.zaxxer.hikari.HikariDataSource [restartedMain] HikariPool-1 - Starting...
2022-08-23 09:46:14,864 INFO com.zaxxer.hikari.HikariDataSource [restartedMain] HikariPool-1 - Start completed.
2022-08-23 09:46:14,882 INFO org.hibernate.dialect.Dialect [restartedMain] HHH000400: Using dialect: org.hibernate.dialect.MySQL8Dialect
2022-08-23 09:46:15,685 INFO org.hibernate.engine.transaction.jta.platform.internal.JtaPlatformInitiator [restartedMain] HHH000490: Using JtaPlatform implementation: [org.hibernate.engine.transaction.jta.platform.internal.NoJtaPlatform]
2022-08-23 09:46:15,692 INFO org.springframework.orm.jpa.AbstractEntityManagerFactoryBean [restartedMain] Initialized JPA EntityManagerFactory for persistence unit 'default'
2022-08-23 09:46:15,727 WARN org.springframework.boot.autoconfigure.orm.jpa.JpaBaseConfiguration$JpaWebConfiguration [restartedMain] spring.jpa.open-in-view is enabled by default. Therefore, database queries may be performed during view rendering. Explicitly configure spring.jpa.open-in-view to disable this warning
2022-08-23 09:46:16,291 INFO org.springframework.security.web.DefaultSecurityFilterChain [restartedMain] Will secure any request with [org.springframework.security.web.session.DisableEncodeUrlFilter@164b7be8, org.springframework.security.web.context.request.async.WebAsyncManagerIntegrationFilter@19ad9e1e, org.springframework.security.web.context.SecurityContextPersistenceFilter@7452a85b, org.springframework.security.web.header.HeaderWriterFilter@58d8b55, org.springframework.security.web.authentication.logout.LogoutFilter@25395a50, org.springframework.security.web.authentication.UsernamePasswordAuthenticationFilter@b8a5dcd, org.springframework.security.web.savedrequest.RequestCacheAwareFilter@53406538, org.springframework.security.web.servletapi.SecurityContextHolderAwareRequestFilter@5affe341, org.springframework.security.web.authentication.AnonymousAuthenticationFilter@1c986369, org.springframework.security.web.session.SessionManagementFilter@7b3e729d, org.springframework.security.web.access.ExceptionTranslationFilter@122af2f4, org.springframework.security.web.access.intercept.FilterSecurityInterceptor@3968c50f]
2022-08-23 09:46:16,487 INFO org.springframework.boot.autoconfigure.web.servlet.WelcomePageHandlerMapping [restartedMain] Adding welcome page template: index
2022-08-23 09:46:16,933 INFO org.springframework.boot.devtools.autoconfigure.OptionalLiveReloadServer [restartedMain] LiveReload server is running on port 35729
2022-08-23 09:46:16,941 INFO tk.mybatis.mapper.autoconfigure.MapperCacheDisabler [restartedMain] Clear tk.mybatis.mapper.util.MsUtil CLASS_CACHE cache.
2022-08-23 09:46:16,942 INFO tk.mybatis.mapper.autoconfigure.MapperCacheDisabler [restartedMain] Clear tk.mybatis.mapper.genid.GenIdUtil CACHE cache.
2022-08-23 09:46:16,943 INFO tk.mybatis.mapper.autoconfigure.MapperCacheDisabler [restartedMain] Clear tk.mybatis.mapper.version.VersionUtil CACHE cache.
2022-08-23 09:46:16,944 INFO tk.mybatis.mapper.autoconfigure.MapperCacheDisabler [restartedMain] Clear EntityHelper entityTableMap cache.
2022-08-23 09:46:17,153 INFO org.apache.juli.logging.DirectJDKLog [restartedMain] Starting ProtocolHandler ["http-nio-8080"]
2022-08-23 09:46:17,189 INFO org.springframework.boot.web.embedded.tomcat.TomcatWebServer [restartedMain] Tomcat started on port(s): 8080 (http) with context path ''
2022-08-23 09:46:17,217 INFO org.springframework.boot.StartupInfoLogger [restartedMain] Started DemoCompanyApplication in 5.225 seconds (JVM running for 6.198)
2022-08-23 09:56:22,879 INFO org.apache.juli.logging.DirectJDKLog [http-nio-8080-exec-2] Initializing Spring DispatcherServlet 'dispatcherServlet'
2022-08-23 09:56:22,880 INFO org.springframework.web.servlet.FrameworkServlet [http-nio-8080-exec-2] Initializing Servlet 'dispatcherServlet'
2022-08-23 09:56:22,889 INFO org.springframework.web.servlet.FrameworkServlet [http-nio-8080-exec-2] Completed initialization in 9 ms
2022-08-23 10:21:18,228 INFO org.springframework.orm.jpa.AbstractEntityManagerFactoryBean [SpringApplicationShutdownHook] Closing JPA EntityManagerFactory for persistence unit 'default'
2022-08-23 10:21:18,410 INFO com.zaxxer.hikari.HikariDataSource [SpringApplicationShutdownHook] HikariPool-1 - Shutdown initiated...
2022-08-23 10:21:18,445 INFO com.zaxxer.hikari.HikariDataSource [SpringApplicationShutdownHook] HikariPool-1 - Shutdown completed.
