2022-08-16 11:12:40,223 INFO org.springframework.boot.StartupInfoLogger [restartedMain] Starting DemoCompanyApplication using Java 17.0.3 on DESKTOP-AVS1VFD with PID 13776 (D:\demoCompany\target\classes started by admin in D:\demoCompany)
2022-08-16 11:12:40,227 INFO org.springframework.boot.SpringApplication [restartedMain] No active profile set, falling back to 1 default profile: "default"
2022-08-16 11:12:40,279 INFO org.springframework.boot.logging.DeferredLog [restartedMain] The Class-Path manifest attribute in C:\Users\admin\.m2\repository\javax\mail\mail\1.4\mail-1.4.jar referenced one or more files that do not exist: file:/C:/Users/admin/.m2/repository/javax/mail/mail/1.4/activation.jar
2022-08-16 11:12:40,279 INFO org.springframework.boot.logging.DeferredLog [restartedMain] Devtools property defaults active! Set 'spring.devtools.add-properties' to 'false' to disable
2022-08-16 11:12:40,279 INFO org.springframework.boot.logging.DeferredLog [restartedMain] For additional web related logging consider setting the 'logging.level.web' property to 'DEBUG'
2022-08-16 11:12:40,897 INFO org.springframework.data.repository.config.RepositoryConfigurationDelegate [restartedMain] Bootstrapping Spring Data JPA repositories in DEFAULT mode.
2022-08-16 11:12:40,966 INFO org.springframework.data.repository.config.RepositoryConfigurationDelegate [restartedMain] Finished Spring Data repository scanning in 58 ms. Found 5 JPA repository interfaces.
2022-08-16 11:12:41,061 WARN tk.mybatis.spring.mapper.ClassPathMapperScanner [restartedMain] No MyBatis mapper was found in '[projectdemo.com.democompany]' package. Please check your configuration.
2022-08-16 11:12:41,514 INFO org.springframework.boot.web.embedded.tomcat.TomcatWebServer [restartedMain] Tomcat initialized with port(s): 8080 (http)
2022-08-16 11:12:41,522 INFO org.apache.juli.logging.DirectJDKLog [restartedMain] Initializing ProtocolHandler ["http-nio-8080"]
2022-08-16 11:12:41,522 INFO org.apache.juli.logging.DirectJDKLog [restartedMain] Starting service [Tomcat]
2022-08-16 11:12:41,523 INFO org.apache.juli.logging.DirectJDKLog [restartedMain] Starting Servlet engine: [Apache Tomcat/9.0.64]
2022-08-16 11:12:41,582 INFO org.apache.juli.logging.DirectJDKLog [restartedMain] Initializing Spring embedded WebApplicationContext
2022-08-16 11:12:41,582 INFO org.springframework.boot.web.servlet.context.ServletWebServerApplicationContext [restartedMain] Root WebApplicationContext: initialization completed in 1302 ms
2022-08-16 11:12:41,755 INFO org.hibernate.jpa.internal.util.LogHelper [restartedMain] HHH000204: Processing PersistenceUnitInfo [name: default]
2022-08-16 11:12:41,813 INFO org.hibernate.Version [restartedMain] HHH000412: Hibernate ORM core version 5.6.9.Final
2022-08-16 11:12:41,979 INFO org.hibernate.annotations.common.reflection.java.JavaReflectionManager [restartedMain] HCANN000001: Hibernate Commons Annotations {5.1.2.Final}
2022-08-16 11:12:42,070 INFO com.zaxxer.hikari.HikariDataSource [restartedMain] HikariPool-1 - Starting...
2022-08-16 11:12:42,515 INFO com.zaxxer.hikari.HikariDataSource [restartedMain] HikariPool-1 - Start completed.
2022-08-16 11:12:42,547 INFO org.hibernate.dialect.Dialect [restartedMain] HHH000400: Using dialect: org.hibernate.dialect.MySQL8Dialect
2022-08-16 11:12:43,343 INFO org.hibernate.engine.transaction.jta.platform.internal.JtaPlatformInitiator [restartedMain] HHH000490: Using JtaPlatform implementation: [org.hibernate.engine.transaction.jta.platform.internal.NoJtaPlatform]
2022-08-16 11:12:43,352 INFO org.springframework.orm.jpa.AbstractEntityManagerFactoryBean [restartedMain] Initialized JPA EntityManagerFactory for persistence unit 'default'
2022-08-16 11:12:43,393 WARN org.springframework.boot.autoconfigure.orm.jpa.JpaBaseConfiguration$JpaWebConfiguration [restartedMain] spring.jpa.open-in-view is enabled by default. Therefore, database queries may be performed during view rendering. Explicitly configure spring.jpa.open-in-view to disable this warning
2022-08-16 11:12:43,855 INFO org.springframework.security.web.DefaultSecurityFilterChain [restartedMain] Will secure any request with [org.springframework.security.web.session.DisableEncodeUrlFilter@71a82ae0, org.springframework.security.web.context.request.async.WebAsyncManagerIntegrationFilter@2ff73261, org.springframework.security.web.context.SecurityContextPersistenceFilter@4adf8064, org.springframework.security.web.header.HeaderWriterFilter@2f7b114e, org.springframework.security.web.authentication.logout.LogoutFilter@1f8c9f0c, org.springframework.security.web.authentication.UsernamePasswordAuthenticationFilter@140affe1, org.springframework.security.web.savedrequest.RequestCacheAwareFilter@42b927f0, org.springframework.security.web.servletapi.SecurityContextHolderAwareRequestFilter@7e3ccbbf, org.springframework.security.web.authentication.AnonymousAuthenticationFilter@60d6c9fd, org.springframework.security.web.session.SessionManagementFilter@636bd487, org.springframework.security.web.access.ExceptionTranslationFilter@3ca102a6, org.springframework.security.web.access.intercept.FilterSecurityInterceptor@3dfab34a]
2022-08-16 11:12:44,003 INFO org.springframework.boot.autoconfigure.web.servlet.WelcomePageHandlerMapping [restartedMain] Adding welcome page template: index
2022-08-16 11:12:44,330 INFO org.springframework.boot.devtools.autoconfigure.OptionalLiveReloadServer [restartedMain] LiveReload server is running on port 35729
2022-08-16 11:12:44,336 INFO tk.mybatis.mapper.autoconfigure.MapperCacheDisabler [restartedMain] Clear tk.mybatis.mapper.util.MsUtil CLASS_CACHE cache.
2022-08-16 11:12:44,337 INFO tk.mybatis.mapper.autoconfigure.MapperCacheDisabler [restartedMain] Clear tk.mybatis.mapper.genid.GenIdUtil CACHE cache.
2022-08-16 11:12:44,338 INFO tk.mybatis.mapper.autoconfigure.MapperCacheDisabler [restartedMain] Clear tk.mybatis.mapper.version.VersionUtil CACHE cache.
2022-08-16 11:12:44,339 INFO tk.mybatis.mapper.autoconfigure.MapperCacheDisabler [restartedMain] Clear EntityHelper entityTableMap cache.
2022-08-16 11:12:44,418 INFO org.apache.juli.logging.DirectJDKLog [restartedMain] Starting ProtocolHandler ["http-nio-8080"]
2022-08-16 11:12:44,444 INFO org.springframework.boot.web.embedded.tomcat.TomcatWebServer [restartedMain] Tomcat started on port(s): 8080 (http) with context path ''
2022-08-16 11:12:44,460 INFO org.springframework.boot.StartupInfoLogger [restartedMain] Started DemoCompanyApplication in 4.651 seconds (JVM running for 5.35)
2022-08-16 11:13:01,614 INFO org.apache.juli.logging.DirectJDKLog [http-nio-8080-exec-1] Initializing Spring DispatcherServlet 'dispatcherServlet'
2022-08-16 11:13:01,615 INFO org.springframework.web.servlet.FrameworkServlet [http-nio-8080-exec-1] Initializing Servlet 'dispatcherServlet'
2022-08-16 11:13:01,619 INFO org.springframework.web.servlet.FrameworkServlet [http-nio-8080-exec-1] Completed initialization in 4 ms
2022-08-16 11:13:20,661 INFO projectdemo.com.democompany.controller.UserAdController [http-nio-8080-exec-10] List user with detail information
2022-08-16 11:20:17,647 INFO org.springframework.orm.jpa.AbstractEntityManagerFactoryBean [SpringApplicationShutdownHook] Closing JPA EntityManagerFactory for persistence unit 'default'
2022-08-16 11:20:17,678 INFO com.zaxxer.hikari.HikariDataSource [SpringApplicationShutdownHook] HikariPool-1 - Shutdown initiated...
2022-08-16 11:20:17,748 INFO com.zaxxer.hikari.HikariDataSource [SpringApplicationShutdownHook] HikariPool-1 - Shutdown completed.
