2022-08-15 15:23:30,912 INFO org.springframework.boot.StartupInfoLogger [restartedMain] Starting DemoCompanyApplication using Java 17.0.3 on DESKTOP-AVS1VFD with PID 71896 (D:\demoCompany\target\classes started by admin in D:\demoCompany)
2022-08-15 15:23:30,918 INFO org.springframework.boot.SpringApplication [restartedMain] No active profile set, falling back to 1 default profile: "default"
2022-08-15 15:23:30,966 INFO org.springframework.boot.logging.DeferredLog [restartedMain] The Class-Path manifest attribute in C:\Users\admin\.m2\repository\javax\mail\mail\1.4\mail-1.4.jar referenced one or more files that do not exist: file:/C:/Users/admin/.m2/repository/javax/mail/mail/1.4/activation.jar
2022-08-15 15:23:30,967 INFO org.springframework.boot.logging.DeferredLog [restartedMain] Devtools property defaults active! Set 'spring.devtools.add-properties' to 'false' to disable
2022-08-15 15:23:30,967 INFO org.springframework.boot.logging.DeferredLog [restartedMain] For additional web related logging consider setting the 'logging.level.web' property to 'DEBUG'
2022-08-15 15:23:31,601 INFO org.springframework.data.repository.config.RepositoryConfigurationDelegate [restartedMain] Bootstrapping Spring Data JPA repositories in DEFAULT mode.
2022-08-15 15:23:31,664 INFO org.springframework.data.repository.config.RepositoryConfigurationDelegate [restartedMain] Finished Spring Data repository scanning in 53 ms. Found 5 JPA repository interfaces.
2022-08-15 15:23:31,760 WARN tk.mybatis.spring.mapper.ClassPathMapperScanner [restartedMain] No MyBatis mapper was found in '[projectdemo.com.democompany]' package. Please check your configuration.
2022-08-15 15:23:32,225 INFO org.springframework.boot.web.embedded.tomcat.TomcatWebServer [restartedMain] Tomcat initialized with port(s): 8080 (http)
2022-08-15 15:23:32,235 INFO org.apache.juli.logging.DirectJDKLog [restartedMain] Initializing ProtocolHandler ["http-nio-8080"]
2022-08-15 15:23:32,235 INFO org.apache.juli.logging.DirectJDKLog [restartedMain] Starting service [Tomcat]
2022-08-15 15:23:32,235 INFO org.apache.juli.logging.DirectJDKLog [restartedMain] Starting Servlet engine: [Apache Tomcat/9.0.64]
2022-08-15 15:23:32,299 INFO org.apache.juli.logging.DirectJDKLog [restartedMain] Initializing Spring embedded WebApplicationContext
2022-08-15 15:23:32,300 INFO org.springframework.boot.web.servlet.context.ServletWebServerApplicationContext [restartedMain] Root WebApplicationContext: initialization completed in 1332 ms
2022-08-15 15:23:32,459 INFO org.hibernate.jpa.internal.util.LogHelper [restartedMain] HHH000204: Processing PersistenceUnitInfo [name: default]
2022-08-15 15:23:32,516 INFO org.hibernate.Version [restartedMain] HHH000412: Hibernate ORM core version 5.6.9.Final
2022-08-15 15:23:32,693 INFO org.hibernate.annotations.common.reflection.java.JavaReflectionManager [restartedMain] HCANN000001: Hibernate Commons Annotations {5.1.2.Final}
2022-08-15 15:23:32,786 INFO com.zaxxer.hikari.HikariDataSource [restartedMain] HikariPool-1 - Starting...
2022-08-15 15:23:33,294 INFO com.zaxxer.hikari.HikariDataSource [restartedMain] HikariPool-1 - Start completed.
2022-08-15 15:23:33,308 INFO org.hibernate.dialect.Dialect [restartedMain] HHH000400: Using dialect: org.hibernate.dialect.MySQL8Dialect
2022-08-15 15:23:34,289 INFO org.hibernate.engine.transaction.jta.platform.internal.JtaPlatformInitiator [restartedMain] HHH000490: Using JtaPlatform implementation: [org.hibernate.engine.transaction.jta.platform.internal.NoJtaPlatform]
2022-08-15 15:23:34,296 INFO org.springframework.orm.jpa.AbstractEntityManagerFactoryBean [restartedMain] Initialized JPA EntityManagerFactory for persistence unit 'default'
2022-08-15 15:23:34,334 WARN org.springframework.boot.autoconfigure.orm.jpa.JpaBaseConfiguration$JpaWebConfiguration [restartedMain] spring.jpa.open-in-view is enabled by default. Therefore, database queries may be performed during view rendering. Explicitly configure spring.jpa.open-in-view to disable this warning
2022-08-15 15:23:34,879 INFO org.springframework.security.web.DefaultSecurityFilterChain [restartedMain] Will secure any request with [org.springframework.security.web.session.DisableEncodeUrlFilter@57da9e29, org.springframework.security.web.context.request.async.WebAsyncManagerIntegrationFilter@db212e6, org.springframework.security.web.context.SecurityContextPersistenceFilter@29e32b46, org.springframework.security.web.header.HeaderWriterFilter@359c49f1, org.springframework.security.web.authentication.logout.LogoutFilter@dfd3e48, org.springframework.security.web.authentication.UsernamePasswordAuthenticationFilter@318951c9, org.springframework.security.web.savedrequest.RequestCacheAwareFilter@6121663b, org.springframework.security.web.servletapi.SecurityContextHolderAwareRequestFilter@53eaf11f, org.springframework.security.web.authentication.AnonymousAuthenticationFilter@54b9a792, org.springframework.security.web.session.SessionManagementFilter@b07e765, org.springframework.security.web.access.ExceptionTranslationFilter@221cfcbe, org.springframework.security.web.access.intercept.FilterSecurityInterceptor@1e312b7]
2022-08-15 15:23:35,024 INFO org.springframework.boot.autoconfigure.web.servlet.WelcomePageHandlerMapping [restartedMain] Adding welcome page template: index
2022-08-15 15:23:35,352 INFO org.springframework.boot.devtools.autoconfigure.OptionalLiveReloadServer [restartedMain] LiveReload server is running on port 35729
2022-08-15 15:23:35,358 INFO tk.mybatis.mapper.autoconfigure.MapperCacheDisabler [restartedMain] Clear tk.mybatis.mapper.util.MsUtil CLASS_CACHE cache.
2022-08-15 15:23:35,358 INFO tk.mybatis.mapper.autoconfigure.MapperCacheDisabler [restartedMain] Clear tk.mybatis.mapper.genid.GenIdUtil CACHE cache.
2022-08-15 15:23:35,359 INFO tk.mybatis.mapper.autoconfigure.MapperCacheDisabler [restartedMain] Clear tk.mybatis.mapper.version.VersionUtil CACHE cache.
2022-08-15 15:23:35,359 INFO tk.mybatis.mapper.autoconfigure.MapperCacheDisabler [restartedMain] Clear EntityHelper entityTableMap cache.
2022-08-15 15:23:35,432 INFO org.apache.juli.logging.DirectJDKLog [restartedMain] Starting ProtocolHandler ["http-nio-8080"]
2022-08-15 15:23:35,448 INFO org.springframework.boot.web.embedded.tomcat.TomcatWebServer [restartedMain] Tomcat started on port(s): 8080 (http) with context path ''
2022-08-15 15:23:35,460 INFO org.springframework.boot.StartupInfoLogger [restartedMain] Started DemoCompanyApplication in 4.948 seconds (JVM running for 5.62)
2022-08-15 15:23:46,802 INFO org.apache.juli.logging.DirectJDKLog [http-nio-8080-exec-1] Initializing Spring DispatcherServlet 'dispatcherServlet'
2022-08-15 15:23:46,803 INFO org.springframework.web.servlet.FrameworkServlet [http-nio-8080-exec-1] Initializing Servlet 'dispatcherServlet'
2022-08-15 15:23:46,806 INFO org.springframework.web.servlet.FrameworkServlet [http-nio-8080-exec-1] Completed initialization in 3 ms
2022-08-15 15:27:22,185 INFO projectdemo.com.democompany.controller.UserAdController [http-nio-8080-exec-7] List user with detail information
2022-08-15 15:35:12,014 INFO org.springframework.orm.jpa.AbstractEntityManagerFactoryBean [SpringApplicationShutdownHook] Closing JPA EntityManagerFactory for persistence unit 'default'
2022-08-15 15:35:12,125 INFO com.zaxxer.hikari.HikariDataSource [SpringApplicationShutdownHook] HikariPool-1 - Shutdown initiated...
2022-08-15 15:35:12,234 INFO com.zaxxer.hikari.HikariDataSource [SpringApplicationShutdownHook] HikariPool-1 - Shutdown completed.
